D:\PROJECTS\WEBEVENTBROWSER\DEBUG\CEF_APP.OBJ
D:\PROJECTS\WEBEVENTBROWSER\DEBUG\CEF_HANDLER.OBJ
D:\PROJECTS\WEBEVENTBROWSER\DEBUG\JSON_SCHEMA.OBJ
D:\PROJECTS\WEBEVENTBROWSER\DEBUG\WEBSOCK_SRV.OBJ
D:\PROJECTS\WEBEVENTBROWSER\DEBUG\WEB_EVENT_BROWSER.OBJ
D:\PROJECTS\WEBEVENTBROWSER\DEBUG\VC110.PDB
D:\PROJECTS\WEBEVENTBROWSER\DEBUG\WEBEVENTBROWSER.ILK
D:\PROJECTS\WEBEVENTBROWSER\DEBUG\WEBEVENTBROWSER.EXE
D:\PROJECTS\WEBEVENTBROWSER\DEBUG\WEBEVENTBROWSER.PDB
D:\Projects\WebEventBrowser\Debug\cef_app.obj
D:\Projects\WebEventBrowser\Debug\cef_handler.obj
D:\Projects\WebEventBrowser\Debug\json_schema.obj
D:\Projects\WebEventBrowser\Debug\websock_srv.obj
D:\Projects\WebEventBrowser\Debug\web_event_browser.obj
D:\Projects\WebEventBrowser\Debug\WebEventBrowser.ilk
D:\Projects\WebEventBrowser\Debug\cl.command.1.tlog
D:\Projects\WebEventBrowser\Debug\CL.read.1.tlog
D:\Projects\WebEventBrowser\Debug\CL.write.1.tlog
D:\Projects\WebEventBrowser\Debug\link-cvtres.read.1.tlog
D:\Projects\WebEventBrowser\Debug\link-cvtres.write.1.tlog
D:\Projects\WebEventBrowser\Debug\link-rc.read.1.tlog
D:\Projects\WebEventBrowser\Debug\link-rc.write.1.tlog
D:\Projects\WebEventBrowser\Debug\link.command.1.tlog
D:\Projects\WebEventBrowser\Debug\link.read.1.tlog
D:\Projects\WebEventBrowser\Debug\link.write.1.tlog
D:\Projects\WebEventBrowser\Debug\vc110.idb
D:\Projects\WebEventBrowser\Debug\vc110.pdb
D:\Projects\WebEventBrowser\Debug\WebEventBrowser.pdb
D:\Projects\WebEventBrowser\Debug\WebEventBrowser.exe
